# JRE version: Java(TM) SE Runtime Environment (8.0_101-b13) (build 1.8.0_101-b13)
# Java VM: Java HotSpot(TM) 64-Bit Server VM (25.101-b13 mixed mode windows-amd64 compressed oops)
Heap:
 PSYoungGen      total 126464K, used 59852K [0x00000000e0000000, 0x00000000eaa80000, 0x0000000100000000)
  eden space 125440K, 47% used [0x00000000e0000000,0x00000000e3a73248,0x00000000e7a80000)
  from space 1024K, 0% used [0x00000000e8700000,0x00000000e8700000,0x00000000e8800000)
  to   space 12800K, 0% used [0x00000000e7a80000,0x00000000e7a80000,0x00000000e8700000)
 ParOldGen       total 117248K, used 17480K [0x00000000a0000000, 0x00000000a7280000, 0x00000000e0000000)
  object space 117248K, 14% used [0x00000000a0000000,0x00000000a1112368,0x00000000a7280000)
 Metaspace       used 37307K, capacity 38106K, committed 38400K, reserved 1083392K
  class space    used 5126K, capacity 5311K, committed 5376K, reserved 1048576K
GC Heap History (10 events):
Event: 18.080 GC heap before
{Heap before GC invocations=4 (full 1):
 PSYoungGen      total 71680K, used 5104K [0x00000000e0000000, 0x00000000e8c00000, 0x0000000100000000)
  eden space 66560K, 0% used [0x00000000e0000000,0x00000000e0000000,0x00000000e4100000)
  from space 5120K, 99% used [0x00000000e4100000,0x00000000e45fc010,0x00000000e4600000)
  to   space 5120K, 0% used [0x00000000e8700000,0x00000000e8700000,0x00000000e8c00000)
 ParOldGen       total 87552K, used 7482K [0x00000000a0000000, 0x00000000a5580000, 0x00000000e0000000)
  object space 87552K, 8% used [0x00000000a0000000,0x00000000a074eab8,0x00000000a5580000)
 Metaspace       used 20790K, capacity 21132K, committed 21296K, reserved 1067008K
  class space    used 2764K, capacity 2881K, committed 2944K, reserved 1048576K
Event: 18.376 GC heap after
Heap after GC invocations=4 (full 1):
 PSYoungGen      total 71680K, used 0K [0x00000000e0000000, 0x00000000e8c00000, 0x0000000100000000)
  eden space 66560K, 0% used [0x00000000e0000000,0x00000000e0000000,0x00000000e4100000)
  from space 5120K, 0% used [0x00000000e4100000,0x00000000e4100000,0x00000000e4600000)
  to   space 5120K, 0% used [0x00000000e8700000,0x00000000e8700000,0x00000000e8c00000)
 ParOldGen       total 72704K, used 11473K [0x00000000a0000000, 0x00000000a4700000, 0x00000000e0000000)
  object space 72704K, 15% used [0x00000000a0000000,0x00000000a0b346e0,0x00000000a4700000)
 Metaspace       used 20790K, capacity 21132K, committed 21296K, reserved 1067008K
  class space    used 2764K, capacity 2881K, committed 2944K, reserved 1048576K
}
Event: 22.482 GC heap before
{Heap before GC invocations=5 (full 1):
 PSYoungGen      total 71680K, used 66560K [0x00000000e0000000, 0x00000000e8c00000, 0x0000000100000000)
  eden space 66560K, 100% used [0x00000000e0000000,0x00000000e4100000,0x00000000e4100000)
  from space 5120K, 0% used [0x00000000e4100000,0x00000000e4100000,0x00000000e4600000)
  to   space 5120K, 0% used [0x00000000e8700000,0x00000000e8700000,0x00000000e8c00000)
 ParOldGen       total 72704K, used 11473K [0x00000000a0000000, 0x00000000a4700000, 0x00000000e0000000)
  object space 72704K, 15% used [0x00000000a0000000,0x00000000a0b346e0,0x00000000a4700000)
 Metaspace       used 26069K, capacity 26434K, committed 26624K, reserved 1073152K
  class space    used 3659K, capacity 3767K, committed 3840K, reserved 1048576K
Event: 22.496 GC heap after
Heap after GC invocations=5 (full 1):
 PSYoungGen      total 94720K, used 5096K [0x00000000e0000000, 0x00000000e8c00000, 0x0000000100000000)
  eden space 89600K, 0% used [0x00000000e0000000,0x00000000e0000000,0x00000000e5780000)
  from space 5120K, 99% used [0x00000000e8700000,0x00000000e8bfa378,0x00000000e8c00000)
  to   space 5120K, 0% used [0x00000000e8200000,0x00000000e8200000,0x00000000e8700000)
 ParOldGen       total 72704K, used 13978K [0x00000000a0000000, 0x00000000a4700000, 0x00000000e0000000)
  object space 72704K, 19% used [0x00000000a0000000,0x00000000a0da6b80,0x00000000a4700000)
 Metaspace       used 26069K, capacity 26434K, committed 26624K, reserved 1073152K
  class space    used 3659K, capacity 3767K, committed 3840K, reserved 1048576K
}
Event: 27.530 GC heap before
{Heap before GC invocations=6 (full 1):
 PSYoungGen      total 94720K, used 94696K [0x00000000e0000000, 0x00000000e8c00000, 0x0000000100000000)
  eden space 89600K, 100% used [0x00000000e0000000,0x00000000e5780000,0x00000000e5780000)
  from space 5120K, 99% used [0x00000000e8700000,0x00000000e8bfa378,0x00000000e8c00000)
  to   space 5120K, 0% used [0x00000000e8200000,0x00000000e8200000,0x00000000e8700000)
 ParOldGen       total 72704K, used 13978K [0x00000000a0000000, 0x00000000a4700000, 0x00000000e0000000)
  object space 72704K, 19% used [0x00000000a0000000,0x00000000a0da6b80,0x00000000a4700000)
 Metaspace       used 28783K, capacity 29310K, committed 29568K, reserved 1075200K
  class space    used 3974K, capacity 4127K, committed 4224K, reserved 1048576K
Event: 27.541 GC heap after
Heap after GC invocations=6 (full 1):
 PSYoungGen      total 121856K, used 5115K [0x00000000e0000000, 0x00000000e8800000, 0x0000000100000000)
  eden space 116736K, 0% used [0x00000000e0000000,0x00000000e0000000,0x00000000e7200000)
  from space 5120K, 99% used [0x00000000e8200000,0x00000000e86fee00,0x00000000e8700000)
  to   space 1024K, 0% used [0x00000000e8700000,0x00000000e8700000,0x00000000e8800000)
 ParOldGen       total 72704K, used 14741K [0x00000000a0000000, 0x00000000a4700000, 0x00000000e0000000)
  object space 72704K, 20% used [0x00000000a0000000,0x00000000a0e65538,0x00000000a4700000)
 Metaspace       used 28783K, capacity 29310K, committed 29568K, reserved 1075200K
  class space    used 3974K, capacity 4127K, committed 4224K, reserved 1048576K
}
Event: 31.654 GC heap before
{Heap before GC invocations=7 (full 1):
 PSYoungGen      total 121856K, used 85884K [0x00000000e0000000, 0x00000000e8800000, 0x0000000100000000)
  eden space 116736K, 69% used [0x00000000e0000000,0x00000000e4ee03e0,0x00000000e7200000)
  from space 5120K, 99% used [0x00000000e8200000,0x00000000e86fee00,0x00000000e8700000)
  to   space 1024K, 0% used [0x00000000e8700000,0x00000000e8700000,0x00000000e8800000)
 ParOldGen       total 72704K, used 14741K [0x00000000a0000000, 0x00000000a4700000, 0x00000000e0000000)
  object space 72704K, 20% used [0x00000000a0000000,0x00000000a0e65538,0x00000000a4700000)
 Metaspace       used 34578K, capacity 35180K, committed 35456K, reserved 1079296K
  class space    used 4743K, capacity 4913K, committed 4992K, reserved 1048576K
Event: 31.671 GC heap after
Heap after GC invocations=7 (full 1):
 PSYoungGen      total 126464K, used 1024K [0x00000000e0000000, 0x00000000eaa80000, 0x0000000100000000)
  eden space 125440K, 0% used [0x00000000e0000000,0x00000000e0000000,0x00000000e7a80000)
  from space 1024K, 100% used [0x00000000e8700000,0x00000000e8800000,0x00000000e8800000)
  to   space 12800K, 0% used [0x00000000e7a80000,0x00000000e7a80000,0x00000000e8700000)
 ParOldGen       total 72704K, used 24646K [0x00000000a0000000, 0x00000000a4700000, 0x00000000e0000000)
  object space 72704K, 33% used [0x00000000a0000000,0x00000000a1811998,0x00000000a4700000)
 Metaspace       used 34578K, capacity 35180K, committed 35456K, reserved 1079296K
  class space    used 4743K, capacity 4913K, committed 4992K, reserved 1048576K
}
Event: 31.671 GC heap before
{Heap before GC invocations=8 (full 2):
 PSYoungGen      total 126464K, used 1024K [0x00000000e0000000, 0x00000000eaa80000, 0x0000000100000000)
  eden space 125440K, 0% used [0x00000000e0000000,0x00000000e0000000,0x00000000e7a80000)
  from space 1024K, 100% used [0x00000000e8700000,0x00000000e8800000,0x00000000e8800000)
  to   space 12800K, 0% used [0x00000000e7a80000,0x00000000e7a80000,0x00000000e8700000)
 ParOldGen       total 72704K, used 24646K [0x00000000a0000000, 0x00000000a4700000, 0x00000000e0000000)
  object space 72704K, 33% used [0x00000000a0000000,0x00000000a1811998,0x00000000a4700000)
 Metaspace       used 34578K, capacity 35180K, committed 35456K, reserved 1079296K
  class space    used 4743K, capacity 4913K, committed 4992K, reserved 1048576K
Event: 31.789 GC heap after
Heap after GC invocations=8 (full 2):
 PSYoungGen      total 126464K, used 0K [0x00000000e0000000, 0x00000000eaa80000, 0x0000000100000000)
  eden space 125440K, 0% used [0x00000000e0000000,0x00000000e0000000,0x00000000e7a80000)
  from space 1024K, 0% used [0x00000000e8700000,0x00000000e8700000,0x00000000e8800000)
  to   space 12800K, 0% used [0x00000000e7a80000,0x00000000e7a80000,0x00000000e8700000)
 ParOldGen       total 117248K, used 17480K [0x00000000a0000000, 0x00000000a7280000, 0x00000000e0000000)
  object space 117248K, 14% used [0x00000000a0000000,0x00000000a1112368,0x00000000a7280000)
 Metaspace       used 34578K, capacity 35180K, committed 35456K, reserved 1079296K
  class space    used 4743K, capacity 4913K, committed 4992K, reserved 1048576K
}

